<?xml version="1.0" encoding="UTF-8"?>
<testng-results ignored="0" total="3" passed="3" failed="0" skipped="0">
  <reporter-output>
  </reporter-output>
  <suite started-at="2022-08-13T15:18:25 EET" name="Default suite" finished-at="2022-08-13T15:18:57 EET" duration-ms="31412">
    <groups>
      <group name="cucumber">
        <method signature="AbstractTestNGCucumberTests.runScenario(io.cucumber.testng.PickleWrapper,io.cucumber.testng.FeatureWrapper)[pri:0, instance:Runner.TestRunner@22ff4249]" name="runScenario" class="io.cucumber.testng.AbstractTestNGCucumberTests"/>
      </group> <!-- cucumber -->
    </groups>
    <test started-at="2022-08-13T15:18:25 EET" name="Default test" finished-at="2022-08-13T15:18:57 EET" duration-ms="31412">
      <class name="Runner.TestRunner">
        <test-method is-config="true" signature="setUpClass(org.testng.ITestContext)[pri:0, instance:Runner.TestRunner@22ff4249]" started-at="2022-08-13T15:18:25 EET" name="setUpClass" finished-at="2022-08-13T15:18:26 EET" duration-ms="384" status="PASS">
          <params>
            <param index="0">
              <value>
                <![CDATA[org.testng.TestRunner@2a02e34b]]>
              </value>
            </param>
          </params>
          <reporter-output>
          </reporter-output>
        </test-method> <!-- setUpClass -->
        <test-method is-config="true" signature="SetUp(java.lang.String)[pri:0, instance:Runner.TestRunner@22ff4249]" started-at="2022-08-13T15:18:26 EET" name="SetUp" finished-at="2022-08-13T15:18:32 EET" duration-ms="6357" status="PASS">
          <params>
            <param index="0">
              <value>
                <![CDATA[chrome]]>
              </value>
            </param>
          </params>
          <reporter-output>
          </reporter-output>
        </test-method> <!-- SetUp -->
        <test-method signature="runScenario(io.cucumber.testng.PickleWrapper,io.cucumber.testng.FeatureWrapper)[pri:0, instance:Runner.TestRunner@22ff4249]" started-at="2022-08-13T15:18:32 EET" name="runScenario" description="Runs Cucumber Scenarios" data-provider="scenarios" finished-at="2022-08-13T15:18:36 EET" duration-ms="4078" status="PASS">
          <params>
            <param index="0">
              <value>
                <![CDATA["check the login functionality"]]>
              </value>
            </param>
            <param index="1">
              <value>
                <![CDATA["As a user I want to login with username and password"]]>
              </value>
            </param>
          </params>
          <reporter-output>
          </reporter-output>
        </test-method> <!-- runScenario -->
        <test-method is-config="true" signature="tearDown()[pri:0, instance:Runner.TestRunner@22ff4249]" started-at="2022-08-13T15:18:36 EET" name="tearDown" finished-at="2022-08-13T15:18:37 EET" duration-ms="507" status="PASS">
          <reporter-output>
          </reporter-output>
        </test-method> <!-- tearDown -->
        <test-method is-config="true" signature="SetUp(java.lang.String)[pri:0, instance:Runner.TestRunner@22ff4249]" started-at="2022-08-13T15:18:37 EET" name="SetUp" finished-at="2022-08-13T15:18:42 EET" duration-ms="5298" status="PASS">
          <params>
            <param index="0">
              <value>
                <![CDATA[chrome]]>
              </value>
            </param>
          </params>
          <reporter-output>
          </reporter-output>
        </test-method> <!-- SetUp -->
        <test-method signature="runScenario(io.cucumber.testng.PickleWrapper,io.cucumber.testng.FeatureWrapper)[pri:0, instance:Runner.TestRunner@22ff4249]" started-at="2022-08-13T15:18:42 EET" name="runScenario" description="Runs Cucumber Scenarios" data-provider="scenarios" finished-at="2022-08-13T15:18:46 EET" duration-ms="4282" status="PASS">
          <params>
            <param index="0">
              <value>
                <![CDATA["check the login functionality with multiple username and Password"]]>
              </value>
            </param>
            <param index="1">
              <value>
                <![CDATA["As a user I want to login with username and password"]]>
              </value>
            </param>
          </params>
          <reporter-output>
          </reporter-output>
        </test-method> <!-- runScenario -->
        <test-method is-config="true" signature="tearDown()[pri:0, instance:Runner.TestRunner@22ff4249]" started-at="2022-08-13T15:18:46 EET" name="tearDown" finished-at="2022-08-13T15:18:47 EET" duration-ms="612" status="PASS">
          <reporter-output>
          </reporter-output>
        </test-method> <!-- tearDown -->
        <test-method is-config="true" signature="SetUp(java.lang.String)[pri:0, instance:Runner.TestRunner@22ff4249]" started-at="2022-08-13T15:18:47 EET" name="SetUp" finished-at="2022-08-13T15:18:52 EET" duration-ms="4692" status="PASS">
          <params>
            <param index="0">
              <value>
                <![CDATA[chrome]]>
              </value>
            </param>
          </params>
          <reporter-output>
          </reporter-output>
        </test-method> <!-- SetUp -->
        <test-method signature="runScenario(io.cucumber.testng.PickleWrapper,io.cucumber.testng.FeatureWrapper)[pri:0, instance:Runner.TestRunner@22ff4249]" started-at="2022-08-13T15:18:52 EET" name="runScenario" description="Runs Cucumber Scenarios" data-provider="scenarios" finished-at="2022-08-13T15:18:56 EET" duration-ms="4215" status="PASS">
          <params>
            <param index="0">
              <value>
                <![CDATA["check the login functionality with multiple username and Password"]]>
              </value>
            </param>
            <param index="1">
              <value>
                <![CDATA["As a user I want to login with username and password"]]>
              </value>
            </param>
          </params>
          <reporter-output>
          </reporter-output>
        </test-method> <!-- runScenario -->
        <test-method is-config="true" signature="tearDown()[pri:0, instance:Runner.TestRunner@22ff4249]" started-at="2022-08-13T15:18:56 EET" name="tearDown" finished-at="2022-08-13T15:18:56 EET" duration-ms="510" status="PASS">
          <reporter-output>
          </reporter-output>
        </test-method> <!-- tearDown -->
        <test-method is-config="true" signature="tearDownClass()[pri:0, instance:Runner.TestRunner@22ff4249]" started-at="2022-08-13T15:18:56 EET" name="tearDownClass" finished-at="2022-08-13T15:18:57 EET" duration-ms="413" status="PASS">
          <reporter-output>
          </reporter-output>
        </test-method> <!-- tearDownClass -->
      </class> <!-- Runner.TestRunner -->
    </test> <!-- Default test -->
  </suite> <!-- Default suite -->
</testng-results>
